18/03/10 23:12:37 INFO TextDataConvertor: Dataset: data/filmtrust/rating
18/03/10 23:12:37 INFO TextDataConvertor: All dataset files [data/filmtrust/rating/ratings_1.txt, data/filmtrust/rating/ratings_0.txt, data/filmtrust/rating/ratings_2.txt, data/filmtrust/rating/ratings_3.txt]
18/03/10 23:12:37 INFO TextDataConvertor: All dataset files size 411942
18/03/10 23:12:37 INFO TextDataConvertor: Now loading dataset file ratings_1
18/03/10 23:12:37 INFO TextDataConvertor: Now loading dataset file ratings_0
18/03/10 23:12:37 INFO TextDataConvertor: Now loading dataset file ratings_2
18/03/10 23:12:38 INFO TextDataConvertor: Now loading dataset file ratings_3
18/03/10 23:12:38 INFO TextDataModel: Transform data to Convertor successfully!
18/03/10 23:12:38 INFO TextDataModel: Split data to train Set and test Set successfully!
18/03/10 23:12:38 INFO TextDataModel: Data size of training is 28408
18/03/10 23:12:38 INFO TextDataModel: Data size of testing is 7086
18/03/10 23:12:39 INFO ItemKNNRecommender: Job Setup completed.
18/03/10 23:12:39 INFO ItemKNNRecommender: Job Train completed.
18/03/10 23:12:40 INFO ItemKNNRecommender: Job End.
18/03/10 23:12:40 INFO RecommenderJob: Evaluator value:MAE is 0.1768910173963545
18/03/10 23:12:40 INFO RecommenderJob: Evaluator value:RMSE is 0.23324670246715223
18/03/10 23:12:40 INFO RecommenderJob: Evaluator value:ItemCoverage is 0.002714661701663046
18/03/10 23:12:40 INFO RecommenderJob: Evaluator value:MSE is 0.1904140847413008
18/03/10 23:12:40 INFO RecommenderJob: Evaluator value:MPE is 0.9532881738639571
18/03/10 23:12:40 INFO RecommenderJob: Evaluator value:SimpleCoverage is 0.8362068965517241
18/03/10 23:12:40 INFO RecommenderJob: Result path is result/filmtrust/rating-itemknnrating-output/itemknnrating
571
18/03/10 23:12:40 INFO RecommenderJob: Evaluator value:SimpleCoverage is 0.8362068965517241
18/03/10 23:12:40 INFO RecommenderJob: Result path is result/filmtrust/rating-itemknnrating-output/itemknnrating
